C:\USERS\CSUPLINSKI\DOCUMENTS\VISUAL STUDIO 2010\PROJECTS\MODERNTOP\DEBUG\MODERNSTOOLS.EXE
C:\USERS\CSUPLINSKI\DOCUMENTS\VISUAL STUDIO 2010\PROJECTS\MODERNTOP\DEBUG\MODERNSTOOLS.ILK
C:\USERS\CSUPLINSKI\DOCUMENTS\VISUAL STUDIO 2010\PROJECTS\MODERNTOP\DEBUG\MODERNSTOOLS.PDB
C:\USERS\CSUPLINSKI\DOCUMENTS\VISUAL STUDIO 2010\PROJECTS\MODERNTOP\MODERNTOP\DEBUG\BACKGROUND.OBJ
C:\USERS\CSUPLINSKI\DOCUMENTS\VISUAL STUDIO 2010\PROJECTS\MODERNTOP\MODERNTOP\DEBUG\BOWL.OBJ
C:\USERS\CSUPLINSKI\DOCUMENTS\VISUAL STUDIO 2010\PROJECTS\MODERNTOP\MODERNTOP\DEBUG\BOWLOFFRUIT.OBJ
C:\USERS\CSUPLINSKI\DOCUMENTS\VISUAL STUDIO 2010\PROJECTS\MODERNTOP\MODERNTOP\DEBUG\CUBE.OBJ
C:\USERS\CSUPLINSKI\DOCUMENTS\VISUAL STUDIO 2010\PROJECTS\MODERNTOP\MODERNTOP\DEBUG\CYLINDER.OBJ
C:\USERS\CSUPLINSKI\DOCUMENTS\VISUAL STUDIO 2010\PROJECTS\MODERNTOP\MODERNTOP\DEBUG\DISC.OBJ
C:\USERS\CSUPLINSKI\DOCUMENTS\VISUAL STUDIO 2010\PROJECTS\MODERNTOP\MODERNTOP\DEBUG\DOOR.OBJ
C:\USERS\CSUPLINSKI\DOCUMENTS\VISUAL STUDIO 2010\PROJECTS\MODERNTOP\MODERNTOP\DEBUG\MAIN.OBJ
C:\USERS\CSUPLINSKI\DOCUMENTS\VISUAL STUDIO 2010\PROJECTS\MODERNTOP\MODERNTOP\DEBUG\MODERNSTOOLS.EXE.EMBED.MANIFEST
C:\USERS\CSUPLINSKI\DOCUMENTS\VISUAL STUDIO 2010\PROJECTS\MODERNTOP\MODERNTOP\DEBUG\MODERNSTOOLS.EXE.EMBED.MANIFEST.RES
C:\USERS\CSUPLINSKI\DOCUMENTS\VISUAL STUDIO 2010\PROJECTS\MODERNTOP\MODERNTOP\DEBUG\MODERNSTOOLS.EXE.INTERMEDIATE.MANIFEST
C:\USERS\CSUPLINSKI\DOCUMENTS\VISUAL STUDIO 2010\PROJECTS\MODERNTOP\MODERNTOP\DEBUG\OBJECT.OBJ
C:\USERS\CSUPLINSKI\DOCUMENTS\VISUAL STUDIO 2010\PROJECTS\MODERNTOP\MODERNTOP\DEBUG\OCEAN.OBJ
C:\USERS\CSUPLINSKI\DOCUMENTS\VISUAL STUDIO 2010\PROJECTS\MODERNTOP\MODERNTOP\DEBUG\SHADER.OBJ
C:\USERS\CSUPLINSKI\DOCUMENTS\VISUAL STUDIO 2010\PROJECTS\MODERNTOP\MODERNTOP\DEBUG\SPHERE.OBJ
C:\USERS\CSUPLINSKI\DOCUMENTS\VISUAL STUDIO 2010\PROJECTS\MODERNTOP\MODERNTOP\DEBUG\SQUARE.OBJ
C:\USERS\CSUPLINSKI\DOCUMENTS\VISUAL STUDIO 2010\PROJECTS\MODERNTOP\MODERNTOP\DEBUG\STOOL.OBJ
C:\USERS\CSUPLINSKI\DOCUMENTS\VISUAL STUDIO 2010\PROJECTS\MODERNTOP\MODERNTOP\DEBUG\STOOLLEG.OBJ
C:\USERS\CSUPLINSKI\DOCUMENTS\VISUAL STUDIO 2010\PROJECTS\MODERNTOP\MODERNTOP\DEBUG\TABLE.OBJ
C:\USERS\CSUPLINSKI\DOCUMENTS\VISUAL STUDIO 2010\PROJECTS\MODERNTOP\MODERNTOP\DEBUG\TIGER.OBJ
C:\USERS\CSUPLINSKI\DOCUMENTS\VISUAL STUDIO 2010\PROJECTS\MODERNTOP\MODERNTOP\DEBUG\TOP.OBJ
C:\USERS\CSUPLINSKI\DOCUMENTS\VISUAL STUDIO 2010\PROJECTS\MODERNTOP\MODERNTOP\DEBUG\TORUS.OBJ
C:\USERS\CSUPLINSKI\DOCUMENTS\VISUAL STUDIO 2010\PROJECTS\MODERNTOP\MODERNTOP\DEBUG\VC100.PDB
C:\USERS\CSUPLINSKI\DOCUMENTS\VISUAL STUDIO 2010\PROJECTS\MODERNTOP\MODERNTOP\DEBUG\VERTEXATTRIBUTES.OBJ
C:\Users\csuplinski\Documents\Visual Studio 2010\Projects\Moshball\Moshball\Debug\background.obj
C:\Users\csuplinski\Documents\Visual Studio 2010\Projects\Moshball\Moshball\Debug\bowl.obj
C:\Users\csuplinski\Documents\Visual Studio 2010\Projects\Moshball\Moshball\Debug\bowlOfFruit.obj
C:\Users\csuplinski\Documents\Visual Studio 2010\Projects\Moshball\Moshball\Debug\cl.command.1.tlog
C:\Users\csuplinski\Documents\Visual Studio 2010\Projects\Moshball\Moshball\Debug\CL.read.1.tlog
C:\Users\csuplinski\Documents\Visual Studio 2010\Projects\Moshball\Moshball\Debug\CL.write.1.tlog
C:\Users\csuplinski\Documents\Visual Studio 2010\Projects\Moshball\Moshball\Debug\cube.obj
C:\Users\csuplinski\Documents\Visual Studio 2010\Projects\Moshball\Moshball\Debug\cylinder.obj
C:\Users\csuplinski\Documents\Visual Studio 2010\Projects\Moshball\Moshball\Debug\disc.obj
C:\Users\csuplinski\Documents\Visual Studio 2010\Projects\Moshball\Moshball\Debug\door.obj
C:\Users\csuplinski\Documents\Visual Studio 2010\Projects\Moshball\Moshball\Debug\link.1476.read.1.tlog
C:\Users\csuplinski\Documents\Visual Studio 2010\Projects\Moshball\Moshball\Debug\link.1476.write.1.tlog
C:\Users\csuplinski\Documents\Visual Studio 2010\Projects\Moshball\Moshball\Debug\link.1476-cvtres.read.1.tlog
C:\Users\csuplinski\Documents\Visual Studio 2010\Projects\Moshball\Moshball\Debug\link.1476-cvtres.write.1.tlog
C:\Users\csuplinski\Documents\Visual Studio 2010\Projects\Moshball\Moshball\Debug\link.command.1.tlog
C:\Users\csuplinski\Documents\Visual Studio 2010\Projects\Moshball\Moshball\Debug\link.read.1.tlog
C:\Users\csuplinski\Documents\Visual Studio 2010\Projects\Moshball\Moshball\Debug\link.write.1.tlog
C:\Users\csuplinski\Documents\Visual Studio 2010\Projects\Moshball\Moshball\Debug\link-cvtres.read.1.tlog
C:\Users\csuplinski\Documents\Visual Studio 2010\Projects\Moshball\Moshball\Debug\link-cvtres.write.1.tlog
C:\Users\csuplinski\Documents\Visual Studio 2010\Projects\Moshball\Moshball\Debug\main.obj
C:\Users\csuplinski\Documents\Visual Studio 2010\Projects\Moshball\Moshball\Debug\mt.command.1.tlog
C:\Users\csuplinski\Documents\Visual Studio 2010\Projects\Moshball\Moshball\Debug\mt.read.1.tlog
C:\Users\csuplinski\Documents\Visual Studio 2010\Projects\Moshball\Moshball\Debug\mt.write.1.tlog
C:\Users\csuplinski\Documents\Visual Studio 2010\Projects\Moshball\Moshball\Debug\object.obj
C:\Users\csuplinski\Documents\Visual Studio 2010\Projects\Moshball\Moshball\Debug\ocean.obj
C:\Users\csuplinski\Documents\Visual Studio 2010\Projects\Moshball\Moshball\Debug\rc.command.1.tlog
C:\Users\csuplinski\Documents\Visual Studio 2010\Projects\Moshball\Moshball\Debug\rc.read.1.tlog
C:\Users\csuplinski\Documents\Visual Studio 2010\Projects\Moshball\Moshball\Debug\rc.write.1.tlog
C:\Users\csuplinski\Documents\Visual Studio 2010\Projects\Moshball\Moshball\Debug\shader.obj
C:\Users\csuplinski\Documents\Visual Studio 2010\Projects\Moshball\Moshball\Debug\sphere.obj
C:\Users\csuplinski\Documents\Visual Studio 2010\Projects\Moshball\Moshball\Debug\square.obj
C:\Users\csuplinski\Documents\Visual Studio 2010\Projects\Moshball\Moshball\Debug\stool.obj
C:\Users\csuplinski\Documents\Visual Studio 2010\Projects\Moshball\Moshball\Debug\stoolLeg.obj
C:\Users\csuplinski\Documents\Visual Studio 2010\Projects\Moshball\Moshball\Debug\table.obj
C:\Users\csuplinski\Documents\Visual Studio 2010\Projects\Moshball\Moshball\Debug\tiger.obj
C:\Users\csuplinski\Documents\Visual Studio 2010\Projects\Moshball\Moshball\Debug\top.obj
C:\Users\csuplinski\Documents\Visual Studio 2010\Projects\Moshball\Moshball\Debug\torus.obj
C:\Users\csuplinski\Documents\Visual Studio 2010\Projects\Moshball\Moshball\Debug\vc100.idb
C:\Users\csuplinski\Documents\Visual Studio 2010\Projects\Moshball\Moshball\Debug\vc100.pdb
C:\Users\csuplinski\Documents\Visual Studio 2010\Projects\Moshball\Moshball\Debug\vertexattributes.obj
