C:\USERS\CSUPLINSKI\DOCUMENTS\VISUAL STUDIO 2010\PROJECTS\FIRSTPERSONSHOOTER\BASEPROJECT\DEBUG\AI.OBJ
C:\Users\csuplinski\Documents\Visual Studio 2010\Projects\FirstPersonShooter\BaseProject\Debug\BaseProject.vcxprojResolveAssemblyReference.cache
C:\USERS\CSUPLINSKI\DOCUMENTS\VISUAL STUDIO 2010\PROJECTS\FIRSTPERSONSHOOTER\BASEPROJECT\DEBUG\BUILDING.OBJ
C:\USERS\CSUPLINSKI\DOCUMENTS\VISUAL STUDIO 2010\PROJECTS\FIRSTPERSONSHOOTER\BASEPROJECT\DEBUG\BULLET.OBJ
C:\USERS\CSUPLINSKI\DOCUMENTS\VISUAL STUDIO 2010\PROJECTS\FIRSTPERSONSHOOTER\BASEPROJECT\DEBUG\CANISTER.OBJ
C:\USERS\CSUPLINSKI\DOCUMENTS\VISUAL STUDIO 2010\PROJECTS\FIRSTPERSONSHOOTER\BASEPROJECT\DEBUG\CAVE.OBJ
C:\Users\csuplinski\Documents\Visual Studio 2010\Projects\FirstPersonShooter\BaseProject\Debug\cl.command.1.tlog
C:\Users\csuplinski\Documents\Visual Studio 2010\Projects\FirstPersonShooter\BaseProject\Debug\CL.read.1.tlog
C:\Users\csuplinski\Documents\Visual Studio 2010\Projects\FirstPersonShooter\BaseProject\Debug\CL.write.1.tlog
C:\USERS\CSUPLINSKI\DOCUMENTS\VISUAL STUDIO 2010\PROJECTS\FIRSTPERSONSHOOTER\BASEPROJECT\DEBUG\CUBE.OBJ
C:\USERS\CSUPLINSKI\DOCUMENTS\VISUAL STUDIO 2010\PROJECTS\FIRSTPERSONSHOOTER\BASEPROJECT\DEBUG\CUBE2.OBJ
C:\USERS\CSUPLINSKI\DOCUMENTS\VISUAL STUDIO 2010\PROJECTS\FIRSTPERSONSHOOTER\BASEPROJECT\DEBUG\CUBE3.OBJ
C:\USERS\CSUPLINSKI\DOCUMENTS\VISUAL STUDIO 2010\PROJECTS\FIRSTPERSONSHOOTER\BASEPROJECT\DEBUG\CYLINDER.OBJ
C:\USERS\CSUPLINSKI\DOCUMENTS\VISUAL STUDIO 2010\PROJECTS\FIRSTPERSONSHOOTER\BASEPROJECT\DEBUG\CYLINDER2.OBJ
C:\USERS\CSUPLINSKI\DOCUMENTS\VISUAL STUDIO 2010\PROJECTS\FIRSTPERSONSHOOTER\BASEPROJECT\DEBUG\DESERT.OBJ
C:\USERS\CSUPLINSKI\DOCUMENTS\VISUAL STUDIO 2010\PROJECTS\FIRSTPERSONSHOOTER\BASEPROJECT\DEBUG\DISC.OBJ
C:\USERS\CSUPLINSKI\DOCUMENTS\VISUAL STUDIO 2010\PROJECTS\FIRSTPERSONSHOOTER\BASEPROJECT\DEBUG\FBO.OBJ
C:\USERS\CSUPLINSKI\DOCUMENTS\VISUAL STUDIO 2010\PROJECTS\FIRSTPERSONSHOOTER\BASEPROJECT\DEBUG\FOREST.OBJ
C:\USERS\CSUPLINSKI\DOCUMENTS\VISUAL STUDIO 2010\PROJECTS\FIRSTPERSONSHOOTER\BASEPROJECT\DEBUG\GAMEMODE1.OBJ
C:\USERS\CSUPLINSKI\DOCUMENTS\VISUAL STUDIO 2010\PROJECTS\FIRSTPERSONSHOOTER\BASEPROJECT\DEBUG\GENGAR.OBJ
C:\USERS\CSUPLINSKI\DOCUMENTS\VISUAL STUDIO 2010\PROJECTS\FIRSTPERSONSHOOTER\BASEPROJECT\DEBUG\GLOBALS.OBJ
C:\USERS\CSUPLINSKI\DOCUMENTS\VISUAL STUDIO 2010\PROJECTS\FIRSTPERSONSHOOTER\BASEPROJECT\DEBUG\GRENADE.OBJ
C:\USERS\CSUPLINSKI\DOCUMENTS\VISUAL STUDIO 2010\PROJECTS\FIRSTPERSONSHOOTER\BASEPROJECT\DEBUG\IMPOSTOR.OBJ
C:\USERS\CSUPLINSKI\DOCUMENTS\VISUAL STUDIO 2010\PROJECTS\FIRSTPERSONSHOOTER\BASEPROJECT\DEBUG\JUMBOTRON.OBJ
C:\Users\csuplinski\Documents\Visual Studio 2010\Projects\FirstPersonShooter\BaseProject\Debug\link.1480.read.1.tlog
C:\Users\csuplinski\Documents\Visual Studio 2010\Projects\FirstPersonShooter\BaseProject\Debug\link.1480.write.1.tlog
C:\Users\csuplinski\Documents\Visual Studio 2010\Projects\FirstPersonShooter\BaseProject\Debug\link.1480-cvtres.read.1.tlog
C:\Users\csuplinski\Documents\Visual Studio 2010\Projects\FirstPersonShooter\BaseProject\Debug\link.1480-cvtres.write.1.tlog
C:\Users\csuplinski\Documents\Visual Studio 2010\Projects\FirstPersonShooter\BaseProject\Debug\link.1920.read.1.tlog
C:\Users\csuplinski\Documents\Visual Studio 2010\Projects\FirstPersonShooter\BaseProject\Debug\link.1920.write.1.tlog
C:\Users\csuplinski\Documents\Visual Studio 2010\Projects\FirstPersonShooter\BaseProject\Debug\link.1920-cvtres.read.1.tlog
C:\Users\csuplinski\Documents\Visual Studio 2010\Projects\FirstPersonShooter\BaseProject\Debug\link.1920-cvtres.write.1.tlog
C:\Users\csuplinski\Documents\Visual Studio 2010\Projects\FirstPersonShooter\BaseProject\Debug\link.4544.read.1.tlog
C:\Users\csuplinski\Documents\Visual Studio 2010\Projects\FirstPersonShooter\BaseProject\Debug\link.4544.write.1.tlog
C:\Users\csuplinski\Documents\Visual Studio 2010\Projects\FirstPersonShooter\BaseProject\Debug\link.4544-cvtres.read.1.tlog
C:\Users\csuplinski\Documents\Visual Studio 2010\Projects\FirstPersonShooter\BaseProject\Debug\link.4544-cvtres.write.1.tlog
C:\Users\csuplinski\Documents\Visual Studio 2010\Projects\FirstPersonShooter\BaseProject\Debug\link.command.1.tlog
C:\Users\csuplinski\Documents\Visual Studio 2010\Projects\FirstPersonShooter\BaseProject\Debug\link.read.1.tlog
C:\Users\csuplinski\Documents\Visual Studio 2010\Projects\FirstPersonShooter\BaseProject\Debug\link.write.1.tlog
C:\Users\csuplinski\Documents\Visual Studio 2010\Projects\FirstPersonShooter\BaseProject\Debug\link-cvtres.read.1.tlog
C:\Users\csuplinski\Documents\Visual Studio 2010\Projects\FirstPersonShooter\BaseProject\Debug\link-cvtres.write.1.tlog
C:\USERS\CSUPLINSKI\DOCUMENTS\VISUAL STUDIO 2010\PROJECTS\FIRSTPERSONSHOOTER\BASEPROJECT\DEBUG\MAIN.OBJ
C:\USERS\CSUPLINSKI\DOCUMENTS\VISUAL STUDIO 2010\PROJECTS\FIRSTPERSONSHOOTER\BASEPROJECT\DEBUG\MENU.OBJ
C:\Users\csuplinski\Documents\Visual Studio 2010\Projects\FirstPersonShooter\BaseProject\Debug\mt.command.1.tlog
C:\Users\csuplinski\Documents\Visual Studio 2010\Projects\FirstPersonShooter\BaseProject\Debug\mt.read.1.tlog
C:\Users\csuplinski\Documents\Visual Studio 2010\Projects\FirstPersonShooter\BaseProject\Debug\mt.write.1.tlog
C:\Users\csuplinski\Documents\Visual Studio 2010\Projects\FirstPersonShooter\BaseProject\Debug\object.obj
C:\USERS\CSUPLINSKI\DOCUMENTS\VISUAL STUDIO 2010\PROJECTS\FIRSTPERSONSHOOTER\BASEPROJECT\DEBUG\OBJECT2.OBJ
C:\USERS\CSUPLINSKI\DOCUMENTS\VISUAL STUDIO 2010\PROJECTS\FIRSTPERSONSHOOTER\BASEPROJECT\DEBUG\PERSON.OBJ
C:\USERS\CSUPLINSKI\DOCUMENTS\VISUAL STUDIO 2010\PROJECTS\FIRSTPERSONSHOOTER\BASEPROJECT\DEBUG\PERSONFIXED.OBJ
C:\USERS\CSUPLINSKI\DOCUMENTS\VISUAL STUDIO 2010\PROJECTS\FIRSTPERSONSHOOTER\BASEPROJECT\DEBUG\PRECIP.OBJ
C:\Users\csuplinski\Documents\Visual Studio 2010\Projects\FirstPersonShooter\BaseProject\Debug\rc.command.1.tlog
C:\Users\csuplinski\Documents\Visual Studio 2010\Projects\FirstPersonShooter\BaseProject\Debug\rc.read.1.tlog
C:\Users\csuplinski\Documents\Visual Studio 2010\Projects\FirstPersonShooter\BaseProject\Debug\rc.write.1.tlog
C:\USERS\CSUPLINSKI\DOCUMENTS\VISUAL STUDIO 2010\PROJECTS\FIRSTPERSONSHOOTER\BASEPROJECT\DEBUG\RECTANGULAROBSTACLES.OBJ
C:\USERS\CSUPLINSKI\DOCUMENTS\VISUAL STUDIO 2010\PROJECTS\FIRSTPERSONSHOOTER\BASEPROJECT\DEBUG\ROUNDOBSTACLES.OBJ
C:\USERS\CSUPLINSKI\DOCUMENTS\VISUAL STUDIO 2010\PROJECTS\FIRSTPERSONSHOOTER\BASEPROJECT\DEBUG\SHADER.OBJ
C:\USERS\CSUPLINSKI\DOCUMENTS\VISUAL STUDIO 2010\PROJECTS\FIRSTPERSONSHOOTER\BASEPROJECT\DEBUG\SHADER_UTILS.OBJ
C:\USERS\CSUPLINSKI\DOCUMENTS\VISUAL STUDIO 2010\PROJECTS\FIRSTPERSONSHOOTER\BASEPROJECT\DEBUG\SHADER2.OBJ
C:\USERS\CSUPLINSKI\DOCUMENTS\VISUAL STUDIO 2010\PROJECTS\FIRSTPERSONSHOOTER\BASEPROJECT\DEBUG\SNOW.OBJ
C:\USERS\CSUPLINSKI\DOCUMENTS\VISUAL STUDIO 2010\PROJECTS\FIRSTPERSONSHOOTER\BASEPROJECT\DEBUG\SOLDIER.OBJ
C:\USERS\CSUPLINSKI\DOCUMENTS\VISUAL STUDIO 2010\PROJECTS\FIRSTPERSONSHOOTER\BASEPROJECT\DEBUG\SPHERE.OBJ
C:\USERS\CSUPLINSKI\DOCUMENTS\VISUAL STUDIO 2010\PROJECTS\FIRSTPERSONSHOOTER\BASEPROJECT\DEBUG\SPHERE2.OBJ
C:\USERS\CSUPLINSKI\DOCUMENTS\VISUAL STUDIO 2010\PROJECTS\FIRSTPERSONSHOOTER\BASEPROJECT\DEBUG\SQUARE2.OBJ
C:\USERS\CSUPLINSKI\DOCUMENTS\VISUAL STUDIO 2010\PROJECTS\FIRSTPERSONSHOOTER\BASEPROJECT\DEBUG\SQUARE3.OBJ
C:\USERS\CSUPLINSKI\DOCUMENTS\VISUAL STUDIO 2010\PROJECTS\FIRSTPERSONSHOOTER\BASEPROJECT\DEBUG\SQUARE4.OBJ
C:\USERS\CSUPLINSKI\DOCUMENTS\VISUAL STUDIO 2010\PROJECTS\FIRSTPERSONSHOOTER\BASEPROJECT\DEBUG\SQUARESTADIUM.OBJ
C:\USERS\CSUPLINSKI\DOCUMENTS\VISUAL STUDIO 2010\PROJECTS\FIRSTPERSONSHOOTER\BASEPROJECT\DEBUG\TEAM.OBJ
C:\USERS\CSUPLINSKI\DOCUMENTS\VISUAL STUDIO 2010\PROJECTS\FIRSTPERSONSHOOTER\BASEPROJECT\DEBUG\TEXTUREMANAGER.OBJ
C:\USERS\CSUPLINSKI\DOCUMENTS\VISUAL STUDIO 2010\PROJECTS\FIRSTPERSONSHOOTER\BASEPROJECT\DEBUG\TEXTURESHADER.OBJ
C:\USERS\CSUPLINSKI\DOCUMENTS\VISUAL STUDIO 2010\PROJECTS\FIRSTPERSONSHOOTER\BASEPROJECT\DEBUG\TREE.OBJ
C:\Users\csuplinski\Documents\Visual Studio 2010\Projects\FirstPersonShooter\BaseProject\Debug\vc100.idb
C:\USERS\CSUPLINSKI\DOCUMENTS\VISUAL STUDIO 2010\PROJECTS\FIRSTPERSONSHOOTER\BASEPROJECT\DEBUG\VC100.PDB
C:\Users\csuplinski\Documents\Visual Studio 2010\Projects\FirstPersonShooter\BaseProject\Debug\vertexattributes.obj
C:\USERS\CSUPLINSKI\DOCUMENTS\VISUAL STUDIO 2010\PROJECTS\FIRSTPERSONSHOOTER\BASEPROJECT\DEBUG\VERTEXATTRIBUTES2.OBJ
C:\USERS\CSUPLINSKI\DOCUMENTS\VISUAL STUDIO 2010\PROJECTS\FIRSTPERSONSHOOTER\BASEPROJECT\DEBUG\VOLCANO.OBJ
C:\USERS\CSUPLINSKI\DOCUMENTS\VISUAL STUDIO 2010\PROJECTS\FIRSTPERSONSHOOTER\BASEPROJECT\DEBUG\WORLDWAR.EXE
C:\Users\csuplinski\Documents\Visual Studio 2010\Projects\FirstPersonShooter\BaseProject\Debug\WorldWar.exe.embed.manifest
C:\USERS\CSUPLINSKI\DOCUMENTS\VISUAL STUDIO 2010\PROJECTS\FIRSTPERSONSHOOTER\BASEPROJECT\DEBUG\WORLDWAR.EXE.EMBED.MANIFEST.RES
C:\USERS\CSUPLINSKI\DOCUMENTS\VISUAL STUDIO 2010\PROJECTS\FIRSTPERSONSHOOTER\BASEPROJECT\DEBUG\WORLDWAR.EXE.INTERMEDIATE.MANIFEST
C:\USERS\CSUPLINSKI\DOCUMENTS\VISUAL STUDIO 2010\PROJECTS\FIRSTPERSONSHOOTER\BASEPROJECT\DEBUG\WORLDWAR.ILK
C:\USERS\CSUPLINSKI\DOCUMENTS\VISUAL STUDIO 2010\PROJECTS\FIRSTPERSONSHOOTER\BASEPROJECT\DEBUG\WORLDWAR.PDB
C:\Users\csuplinski\Documents\Visual Studio 2010\Projects\FirstPersonShooter\BaseProject\Debug\WorldWar.write.1.tlog
C:\Users\csuplinski\Documents\Visual Studio 2010\Projects\FirstPersonShooter\BaseProject\Debug\WorldWar_manifest.rc
C:\USERS\CSUPLINSKI\DOCUMENTS\VISUAL STUDIO 2010\PROJECTS\WORLDWAR\BASEPROJECT\DEBUG\AI.OBJ
C:\USERS\CSUPLINSKI\DOCUMENTS\VISUAL STUDIO 2010\PROJECTS\WORLDWAR\BASEPROJECT\DEBUG\BUILDING.OBJ
C:\USERS\CSUPLINSKI\DOCUMENTS\VISUAL STUDIO 2010\PROJECTS\WORLDWAR\BASEPROJECT\DEBUG\BULLET.OBJ
C:\USERS\CSUPLINSKI\DOCUMENTS\VISUAL STUDIO 2010\PROJECTS\WORLDWAR\BASEPROJECT\DEBUG\CANISTER.OBJ
C:\USERS\CSUPLINSKI\DOCUMENTS\VISUAL STUDIO 2010\PROJECTS\WORLDWAR\BASEPROJECT\DEBUG\CAVE.OBJ
C:\USERS\CSUPLINSKI\DOCUMENTS\VISUAL STUDIO 2010\PROJECTS\WORLDWAR\BASEPROJECT\DEBUG\CUBE.OBJ
C:\USERS\CSUPLINSKI\DOCUMENTS\VISUAL STUDIO 2010\PROJECTS\WORLDWAR\BASEPROJECT\DEBUG\CUBE2.OBJ
C:\USERS\CSUPLINSKI\DOCUMENTS\VISUAL STUDIO 2010\PROJECTS\WORLDWAR\BASEPROJECT\DEBUG\CUBE3.OBJ
C:\USERS\CSUPLINSKI\DOCUMENTS\VISUAL STUDIO 2010\PROJECTS\WORLDWAR\BASEPROJECT\DEBUG\CYLINDER.OBJ
C:\USERS\CSUPLINSKI\DOCUMENTS\VISUAL STUDIO 2010\PROJECTS\WORLDWAR\BASEPROJECT\DEBUG\CYLINDER2.OBJ
C:\USERS\CSUPLINSKI\DOCUMENTS\VISUAL STUDIO 2010\PROJECTS\WORLDWAR\BASEPROJECT\DEBUG\DESERT.OBJ
C:\USERS\CSUPLINSKI\DOCUMENTS\VISUAL STUDIO 2010\PROJECTS\WORLDWAR\BASEPROJECT\DEBUG\DISC.OBJ
C:\USERS\CSUPLINSKI\DOCUMENTS\VISUAL STUDIO 2010\PROJECTS\WORLDWAR\BASEPROJECT\DEBUG\FBO.OBJ
C:\USERS\CSUPLINSKI\DOCUMENTS\VISUAL STUDIO 2010\PROJECTS\WORLDWAR\BASEPROJECT\DEBUG\FOREST.OBJ
C:\USERS\CSUPLINSKI\DOCUMENTS\VISUAL STUDIO 2010\PROJECTS\WORLDWAR\BASEPROJECT\DEBUG\GAMEMODE1.OBJ
C:\USERS\CSUPLINSKI\DOCUMENTS\VISUAL STUDIO 2010\PROJECTS\WORLDWAR\BASEPROJECT\DEBUG\GENGAR.OBJ
C:\USERS\CSUPLINSKI\DOCUMENTS\VISUAL STUDIO 2010\PROJECTS\WORLDWAR\BASEPROJECT\DEBUG\GLOBALS.OBJ
C:\USERS\CSUPLINSKI\DOCUMENTS\VISUAL STUDIO 2010\PROJECTS\WORLDWAR\BASEPROJECT\DEBUG\GRENADE.OBJ
C:\USERS\CSUPLINSKI\DOCUMENTS\VISUAL STUDIO 2010\PROJECTS\WORLDWAR\BASEPROJECT\DEBUG\IMPOSTOR.OBJ
C:\USERS\CSUPLINSKI\DOCUMENTS\VISUAL STUDIO 2010\PROJECTS\WORLDWAR\BASEPROJECT\DEBUG\JUMBOTRON.OBJ
C:\USERS\CSUPLINSKI\DOCUMENTS\VISUAL STUDIO 2010\PROJECTS\WORLDWAR\BASEPROJECT\DEBUG\MAIN.OBJ
C:\USERS\CSUPLINSKI\DOCUMENTS\VISUAL STUDIO 2010\PROJECTS\WORLDWAR\BASEPROJECT\DEBUG\MENU.OBJ
C:\USERS\CSUPLINSKI\DOCUMENTS\VISUAL STUDIO 2010\PROJECTS\WORLDWAR\BASEPROJECT\DEBUG\OBJECT.OBJ
C:\USERS\CSUPLINSKI\DOCUMENTS\VISUAL STUDIO 2010\PROJECTS\WORLDWAR\BASEPROJECT\DEBUG\OBJECT2.OBJ
C:\USERS\CSUPLINSKI\DOCUMENTS\VISUAL STUDIO 2010\PROJECTS\WORLDWAR\BASEPROJECT\DEBUG\PERSON.OBJ
C:\USERS\CSUPLINSKI\DOCUMENTS\VISUAL STUDIO 2010\PROJECTS\WORLDWAR\BASEPROJECT\DEBUG\PERSONFIXED.OBJ
C:\USERS\CSUPLINSKI\DOCUMENTS\VISUAL STUDIO 2010\PROJECTS\WORLDWAR\BASEPROJECT\DEBUG\PRECIP.OBJ
C:\USERS\CSUPLINSKI\DOCUMENTS\VISUAL STUDIO 2010\PROJECTS\WORLDWAR\BASEPROJECT\DEBUG\RECTANGULAROBSTACLES.OBJ
C:\USERS\CSUPLINSKI\DOCUMENTS\VISUAL STUDIO 2010\PROJECTS\WORLDWAR\BASEPROJECT\DEBUG\ROUNDOBSTACLES.OBJ
C:\USERS\CSUPLINSKI\DOCUMENTS\VISUAL STUDIO 2010\PROJECTS\WORLDWAR\BASEPROJECT\DEBUG\SHADER.OBJ
C:\USERS\CSUPLINSKI\DOCUMENTS\VISUAL STUDIO 2010\PROJECTS\WORLDWAR\BASEPROJECT\DEBUG\SHADER_UTILS.OBJ
C:\USERS\CSUPLINSKI\DOCUMENTS\VISUAL STUDIO 2010\PROJECTS\WORLDWAR\BASEPROJECT\DEBUG\SHADER2.OBJ
C:\USERS\CSUPLINSKI\DOCUMENTS\VISUAL STUDIO 2010\PROJECTS\WORLDWAR\BASEPROJECT\DEBUG\SNOW.OBJ
C:\USERS\CSUPLINSKI\DOCUMENTS\VISUAL STUDIO 2010\PROJECTS\WORLDWAR\BASEPROJECT\DEBUG\SOLDIER.OBJ
C:\USERS\CSUPLINSKI\DOCUMENTS\VISUAL STUDIO 2010\PROJECTS\WORLDWAR\BASEPROJECT\DEBUG\SPHERE.OBJ
C:\USERS\CSUPLINSKI\DOCUMENTS\VISUAL STUDIO 2010\PROJECTS\WORLDWAR\BASEPROJECT\DEBUG\SPHERE2.OBJ
C:\USERS\CSUPLINSKI\DOCUMENTS\VISUAL STUDIO 2010\PROJECTS\WORLDWAR\BASEPROJECT\DEBUG\SQUARE2.OBJ
C:\USERS\CSUPLINSKI\DOCUMENTS\VISUAL STUDIO 2010\PROJECTS\WORLDWAR\BASEPROJECT\DEBUG\SQUARE3.OBJ
C:\USERS\CSUPLINSKI\DOCUMENTS\VISUAL STUDIO 2010\PROJECTS\WORLDWAR\BASEPROJECT\DEBUG\SQUARE4.OBJ
C:\USERS\CSUPLINSKI\DOCUMENTS\VISUAL STUDIO 2010\PROJECTS\WORLDWAR\BASEPROJECT\DEBUG\SQUARESTADIUM.OBJ
C:\USERS\CSUPLINSKI\DOCUMENTS\VISUAL STUDIO 2010\PROJECTS\WORLDWAR\BASEPROJECT\DEBUG\TEAM.OBJ
C:\USERS\CSUPLINSKI\DOCUMENTS\VISUAL STUDIO 2010\PROJECTS\WORLDWAR\BASEPROJECT\DEBUG\TEXTUREMANAGER.OBJ
C:\USERS\CSUPLINSKI\DOCUMENTS\VISUAL STUDIO 2010\PROJECTS\WORLDWAR\BASEPROJECT\DEBUG\TEXTURESHADER.OBJ
C:\USERS\CSUPLINSKI\DOCUMENTS\VISUAL STUDIO 2010\PROJECTS\WORLDWAR\BASEPROJECT\DEBUG\TREE.OBJ
C:\USERS\CSUPLINSKI\DOCUMENTS\VISUAL STUDIO 2010\PROJECTS\WORLDWAR\BASEPROJECT\DEBUG\VC100.PDB
C:\USERS\CSUPLINSKI\DOCUMENTS\VISUAL STUDIO 2010\PROJECTS\WORLDWAR\BASEPROJECT\DEBUG\VERTEXATTRIBUTES.OBJ
C:\USERS\CSUPLINSKI\DOCUMENTS\VISUAL STUDIO 2010\PROJECTS\WORLDWAR\BASEPROJECT\DEBUG\VERTEXATTRIBUTES2.OBJ
C:\USERS\CSUPLINSKI\DOCUMENTS\VISUAL STUDIO 2010\PROJECTS\WORLDWAR\BASEPROJECT\DEBUG\VOLCANO.OBJ
C:\USERS\CSUPLINSKI\DOCUMENTS\VISUAL STUDIO 2010\PROJECTS\WORLDWAR\BASEPROJECT\DEBUG\WORLDWAR.EXE
C:\USERS\CSUPLINSKI\DOCUMENTS\VISUAL STUDIO 2010\PROJECTS\WORLDWAR\BASEPROJECT\DEBUG\WORLDWAR.EXE.EMBED.MANIFEST
C:\USERS\CSUPLINSKI\DOCUMENTS\VISUAL STUDIO 2010\PROJECTS\WORLDWAR\BASEPROJECT\DEBUG\WORLDWAR.EXE.EMBED.MANIFEST.RES
C:\USERS\CSUPLINSKI\DOCUMENTS\VISUAL STUDIO 2010\PROJECTS\WORLDWAR\BASEPROJECT\DEBUG\WORLDWAR.EXE.INTERMEDIATE.MANIFEST
C:\USERS\CSUPLINSKI\DOCUMENTS\VISUAL STUDIO 2010\PROJECTS\WORLDWAR\BASEPROJECT\DEBUG\WORLDWAR.ILK
C:\USERS\CSUPLINSKI\DOCUMENTS\VISUAL STUDIO 2010\PROJECTS\WORLDWAR\BASEPROJECT\DEBUG\WORLDWAR.PDB
